# JRE version: OpenJDK Runtime Environment (8.0_242-b01) (build 1.8.0_242-release-1644-b01)
# Java VM: OpenJDK 64-Bit Server VM (25.242-b01 mixed mode windows-amd64 compressed oops)
Heap:
 PSYoungGen      total 563712K, used 169849K [0x00000000d5580000, 0x0000000100000000, 0x0000000100000000)
  eden space 465408K, 15% used [0x00000000d5580000,0x00000000d9b62a80,0x00000000f1c00000)
  from space 98304K, 99% used [0x00000000fa000000,0x00000000ffffbcf0,0x0000000100000000)
  to   space 116736K, 0% used [0x00000000f1c00000,0x00000000f1c00000,0x00000000f8e00000)
 ParOldGen       total 456192K, used 229390K [0x0000000080000000, 0x000000009bd80000, 0x00000000d5580000)
  object space 456192K, 50% used [0x0000000080000000,0x000000008e003ae0,0x000000009bd80000)
 Metaspace       used 522534K, capacity 546130K, committed 591600K, reserved 1568768K
  class space    used 63123K, capacity 67457K, committed 73008K, reserved 1048576K
GC Heap History (10 events):
Event: 32385.925 GC heap before
{Heap before GC invocations=270 (full 8):
 PSYoungGen      total 559616K, used 486927K [0x00000000d5580000, 0x0000000100000000, 0x0000000100000000)
  eden space 440832K, 100% used [0x00000000d5580000,0x00000000f0400000,0x00000000f0400000)
  from space 118784K, 38% used [0x00000000f0400000,0x00000000f3103d98,0x00000000f7800000)
  to   space 113664K, 0% used [0x00000000f9100000,0x00000000f9100000,0x0000000100000000)
 ParOldGen       total 456192K, used 211357K [0x0000000080000000, 0x000000009bd80000, 0x00000000d5580000)
  object space 456192K, 46% used [0x0000000080000000,0x000000008ce674c0,0x000000009bd80000)
 Metaspace       used 522447K, capacity 546020K, committed 591600K, reserved 1568768K
  class space    used 63114K, capacity 67450K, committed 73008K, reserved 1048576K
Event: 32385.986 GC heap after
Heap after GC invocations=270 (full 8):
 PSYoungGen      total 566784K, used 42570K [0x00000000d5580000, 0x00000000ff300000, 0x0000000100000000)
  eden space 466432K, 0% used [0x00000000d5580000,0x00000000d5580000,0x00000000f1d00000)
  from space 100352K, 42% used [0x00000000f9100000,0x00000000fba92bb0,0x00000000ff300000)
  to   space 109568K, 0% used [0x00000000f1d00000,0x00000000f1d00000,0x00000000f8800000)
 ParOldGen       total 456192K, used 212386K [0x0000000080000000, 0x000000009bd80000, 0x00000000d5580000)
  object space 456192K, 46% used [0x0000000080000000,0x000000008cf68900,0x000000009bd80000)
 Metaspace       used 522447K, capacity 546020K, committed 591600K, reserved 1568768K
  class space    used 63114K, capacity 67450K, committed 73008K, reserved 1048576K
}
Event: 32387.522 GC heap before
{Heap before GC invocations=271 (full 8):
 PSYoungGen      total 566784K, used 509002K [0x00000000d5580000, 0x00000000ff300000, 0x0000000100000000)
  eden space 466432K, 100% used [0x00000000d5580000,0x00000000f1d00000,0x00000000f1d00000)
  from space 100352K, 42% used [0x00000000f9100000,0x00000000fba92bb0,0x00000000ff300000)
  to   space 109568K, 0% used [0x00000000f1d00000,0x00000000f1d00000,0x00000000f8800000)
 ParOldGen       total 456192K, used 212386K [0x0000000080000000, 0x000000009bd80000, 0x00000000d5580000)
  object space 456192K, 46% used [0x0000000080000000,0x000000008cf68900,0x000000009bd80000)
 Metaspace       used 522466K, capacity 546044K, committed 591600K, reserved 1568768K
  class space    used 63116K, capacity 67454K, committed 73008K, reserved 1048576K
Event: 32387.575 GC heap after
Heap after GC invocations=271 (full 8):
 PSYoungGen      total 576000K, used 50496K [0x00000000d5580000, 0x00000000ffe00000, 0x0000000100000000)
  eden space 466432K, 0% used [0x00000000d5580000,0x00000000d5580000,0x00000000f1d00000)
  from space 109568K, 46% used [0x00000000f1d00000,0x00000000f4e50338,0x00000000f8800000)
  to   space 103936K, 0% used [0x00000000f9880000,0x00000000f9880000,0x00000000ffe00000)
 ParOldGen       total 456192K, used 213367K [0x0000000080000000, 0x000000009bd80000, 0x00000000d5580000)
  object space 456192K, 46% used [0x0000000080000000,0x000000008d05dd40,0x000000009bd80000)
 Metaspace       used 522466K, capacity 546044K, committed 591600K, reserved 1568768K
  class space    used 63116K, capacity 67454K, committed 73008K, reserved 1048576K
}
Event: 32388.592 GC heap before
{Heap before GC invocations=272 (full 8):
 PSYoungGen      total 576000K, used 516928K [0x00000000d5580000, 0x00000000ffe00000, 0x0000000100000000)
  eden space 466432K, 100% used [0x00000000d5580000,0x00000000f1d00000,0x00000000f1d00000)
  from space 109568K, 46% used [0x00000000f1d00000,0x00000000f4e50338,0x00000000f8800000)
  to   space 103936K, 0% used [0x00000000f9880000,0x00000000f9880000,0x00000000ffe00000)
 ParOldGen       total 456192K, used 213367K [0x0000000080000000, 0x000000009bd80000, 0x00000000d5580000)
  object space 456192K, 46% used [0x0000000080000000,0x000000008d05dd40,0x000000009bd80000)
 Metaspace       used 522498K, capacity 546108K, committed 591600K, reserved 1568768K
  class space    used 63122K, capacity 67454K, committed 73008K, reserved 1048576K
Event: 32388.655 GC heap after
Heap after GC invocations=272 (full 8):
 PSYoungGen      total 577536K, used 48155K [0x00000000d5580000, 0x00000000ff280000, 0x0000000100000000)
  eden space 485376K, 0% used [0x00000000d5580000,0x00000000d5580000,0x00000000f2f80000)
  from space 92160K, 52% used [0x00000000f9880000,0x00000000fc786c30,0x00000000ff280000)
  to   space 99840K, 0% used [0x00000000f2f80000,0x00000000f2f80000,0x00000000f9100000)
 ParOldGen       total 456192K, used 213735K [0x0000000080000000, 0x000000009bd80000, 0x00000000d5580000)
  object space 456192K, 46% used [0x0000000080000000,0x000000008d0b9d40,0x000000009bd80000)
 Metaspace       used 522498K, capacity 546108K, committed 591600K, reserved 1568768K
  class space    used 63122K, capacity 67454K, committed 73008K, reserved 1048576K
}
Event: 32389.786 GC heap before
{Heap before GC invocations=273 (full 8):
 PSYoungGen      total 577536K, used 533531K [0x00000000d5580000, 0x00000000ff280000, 0x0000000100000000)
  eden space 485376K, 100% used [0x00000000d5580000,0x00000000f2f80000,0x00000000f2f80000)
  from space 92160K, 52% used [0x00000000f9880000,0x00000000fc786c30,0x00000000ff280000)
  to   space 99840K, 0% used [0x00000000f2f80000,0x00000000f2f80000,0x00000000f9100000)
 ParOldGen       total 456192K, used 213735K [0x0000000080000000, 0x000000009bd80000, 0x00000000d5580000)
  object space 456192K, 46% used [0x0000000080000000,0x000000008d0b9d40,0x000000009bd80000)
 Metaspace       used 522527K, capacity 546112K, committed 591600K, reserved 1568768K
  class space    used 63122K, capacity 67454K, committed 73008K, reserved 1048576K
Event: 32389.831 GC heap after
Heap after GC invocations=273 (full 8):
 PSYoungGen      total 585216K, used 31431K [0x00000000d5580000, 0x0000000100000000, 0x0000000100000000)
  eden space 485376K, 0% used [0x00000000d5580000,0x00000000d5580000,0x00000000f2f80000)
  from space 99840K, 31% used [0x00000000f2f80000,0x00000000f4e31d88,0x00000000f9100000)
  to   space 98304K, 0% used [0x00000000fa000000,0x00000000fa000000,0x0000000100000000)
 ParOldGen       total 456192K, used 215040K [0x0000000080000000, 0x000000009bd80000, 0x00000000d5580000)
  object space 456192K, 47% used [0x0000000080000000,0x000000008d200370,0x000000009bd80000)
 Metaspace       used 522527K, capacity 546112K, committed 591600K, reserved 1568768K
  class space    used 63122K, capacity 67454K, committed 73008K, reserved 1048576K
}
Event: 32391.198 GC heap before
{Heap before GC invocations=274 (full 8):
 PSYoungGen      total 585216K, used 516807K [0x00000000d5580000, 0x0000000100000000, 0x0000000100000000)
  eden space 485376K, 100% used [0x00000000d5580000,0x00000000f2f80000,0x00000000f2f80000)
  from space 99840K, 31% used [0x00000000f2f80000,0x00000000f4e31d88,0x00000000f9100000)
  to   space 98304K, 0% used [0x00000000fa000000,0x00000000fa000000,0x0000000100000000)
 ParOldGen       total 456192K, used 215040K [0x0000000080000000, 0x000000009bd80000, 0x00000000d5580000)
  object space 456192K, 47% used [0x0000000080000000,0x000000008d200370,0x000000009bd80000)
 Metaspace       used 522534K, capacity 546130K, committed 591600K, reserved 1568768K
  class space    used 63123K, capacity 67457K, committed 73008K, reserved 1048576K
Event: 32391.365 GC heap after
Heap after GC invocations=274 (full 8):
 PSYoungGen      total 563712K, used 98287K [0x00000000d5580000, 0x0000000100000000, 0x0000000100000000)
  eden space 465408K, 0% used [0x00000000d5580000,0x00000000d5580000,0x00000000f1c00000)
  from space 98304K, 99% used [0x00000000fa000000,0x00000000ffffbcf0,0x0000000100000000)
  to   space 116736K, 0% used [0x00000000f1c00000,0x00000000f1c00000,0x00000000f8e00000)
 ParOldGen       total 456192K, used 229390K [0x0000000080000000, 0x000000009bd80000, 0x00000000d5580000)
  object space 456192K, 50% used [0x0000000080000000,0x000000008e003ae0,0x000000009bd80000)
 Metaspace       used 522534K, capacity 546130K, committed 591600K, reserved 1568768K
  class space    used 63123K, capacity 67457K, committed 73008K, reserved 1048576K
}

